<?xml version="1.0" encoding="utf-8"?><testsuites><testsuite name="pytest" errors="0" failures="0" skipped="0" tests="5" time="14.483" timestamp="2025-05-15T17:07:23.695827+08:00" hostname="IKAS-NB-257"><testcase classname="test_hub.testsuites.web_functions.test_login" name="test_ui_elements_visibility[chromium]" time="5.044" /><testcase classname="test_hub.testsuites.web_functions.test_login" name="test_successful_login[chromium]" time="2.713" /><testcase classname="test_hub.testsuites.web_functions.test_login" name="test_empty_credentials_submission[chromium]" time="2.704" /><testcase classname="test_hub.testsuites.web_functions.test_login" name="test_invalid_credentials[chromium]" time="1.973" /><testcase classname="test_hub.testsuites.web_functions.test_login" name="test_input_validation[chromium]" time="1.996" /></testsuite></testsuites>